2014-11-17 15:49:16,018 INFO [org.jasig.cas.services.DefaultServicesManagerImpl] - Loaded 1 services.
2014-11-17 15:49:17,128 INFO [org.jasig.cas.util.AutowiringSchedulerFactoryBean] - Starting Quartz Scheduler now
2014-11-17 15:49:35,764 INFO [org.jasig.cas.ticket.registry.support.DefaultTicketRegistryCleaner] - Beginning ticket cleanup.
2014-11-17 15:49:35,764 INFO [org.jasig.cas.ticket.registry.support.DefaultTicketRegistryCleaner] - 0 tickets found to be removed.
2014-11-17 15:49:35,764 INFO [org.jasig.cas.ticket.registry.support.DefaultTicketRegistryCleaner] - Finished ticket cleanup.
2014-11-17 15:51:16,049 INFO [org.jasig.cas.services.DefaultServicesManagerImpl] - Reloading registered services.
2014-11-17 15:51:16,049 INFO [org.jasig.cas.services.DefaultServicesManagerImpl] - Loaded 1 services.
2014-11-17 15:51:51,069 INFO [org.jasig.cas.util.AutowiringSchedulerFactoryBean] - Shutting down Quartz Scheduler
2014-11-17 16:19:05,973 INFO [org.jasig.cas.services.DefaultServicesManagerImpl] - Loaded 1 services.
2014-11-17 16:19:07,137 INFO [org.jasig.cas.util.AutowiringSchedulerFactoryBean] - Starting Quartz Scheduler now
2014-11-17 16:19:25,713 INFO [org.jasig.cas.ticket.registry.support.DefaultTicketRegistryCleaner] - Beginning ticket cleanup.
2014-11-17 16:19:25,713 INFO [org.jasig.cas.ticket.registry.support.DefaultTicketRegistryCleaner] - 0 tickets found to be removed.
2014-11-17 16:19:25,713 INFO [org.jasig.cas.ticket.registry.support.DefaultTicketRegistryCleaner] - Finished ticket cleanup.
2014-11-17 16:21:06,025 INFO [org.jasig.cas.services.DefaultServicesManagerImpl] - Reloading registered services.
2014-11-17 16:21:06,025 INFO [org.jasig.cas.services.DefaultServicesManagerImpl] - Loaded 1 services.
2014-11-17 16:21:28,817 INFO [org.jasig.cas.util.AutowiringSchedulerFactoryBean] - Shutting down Quartz Scheduler
2014-11-17 16:33:58,281 INFO [org.jasig.cas.services.DefaultServicesManagerImpl] - Loaded 1 services.
2014-11-17 16:33:59,221 INFO [org.jasig.cas.util.AutowiringSchedulerFactoryBean] - Starting Quartz Scheduler now
2014-11-17 16:34:17,972 INFO [org.jasig.cas.ticket.registry.support.DefaultTicketRegistryCleaner] - Beginning ticket cleanup.
2014-11-17 16:34:17,972 INFO [org.jasig.cas.ticket.registry.support.DefaultTicketRegistryCleaner] - 0 tickets found to be removed.
2014-11-17 16:34:17,972 INFO [org.jasig.cas.ticket.registry.support.DefaultTicketRegistryCleaner] - Finished ticket cleanup.
2014-11-17 16:35:58,344 INFO [org.jasig.cas.services.DefaultServicesManagerImpl] - Reloading registered services.
2014-11-17 16:35:58,344 INFO [org.jasig.cas.services.DefaultServicesManagerImpl] - Loaded 1 services.
2014-11-17 16:37:58,312 INFO [org.jasig.cas.services.DefaultServicesManagerImpl] - Reloading registered services.
2014-11-17 16:37:58,312 INFO [org.jasig.cas.services.DefaultServicesManagerImpl] - Loaded 1 services.
2014-11-17 16:38:01,532 INFO [org.jasig.cas.util.AutowiringSchedulerFactoryBean] - Shutting down Quartz Scheduler
2014-11-17 16:47:37,025 INFO [org.jasig.cas.services.DefaultServicesManagerImpl] - Loaded 1 services.
2014-11-17 16:47:38,319 INFO [org.jasig.cas.util.AutowiringSchedulerFactoryBean] - Starting Quartz Scheduler now
2014-11-17 16:47:56,765 INFO [org.jasig.cas.ticket.registry.support.DefaultTicketRegistryCleaner] - Beginning ticket cleanup.
2014-11-17 16:47:56,765 INFO [org.jasig.cas.ticket.registry.support.DefaultTicketRegistryCleaner] - 0 tickets found to be removed.
2014-11-17 16:47:56,765 INFO [org.jasig.cas.ticket.registry.support.DefaultTicketRegistryCleaner] - Finished ticket cleanup.
2014-11-17 16:49:37,058 INFO [org.jasig.cas.services.DefaultServicesManagerImpl] - Reloading registered services.
2014-11-17 16:49:37,058 INFO [org.jasig.cas.services.DefaultServicesManagerImpl] - Loaded 1 services.
2014-11-17 16:50:00,592 INFO [org.jasig.cas.util.AutowiringSchedulerFactoryBean] - Shutting down Quartz Scheduler
2014-11-17 16:54:11,441 INFO [org.jasig.cas.services.DefaultServicesManagerImpl] - Loaded 1 services.
2014-11-17 16:54:12,775 INFO [org.jasig.cas.util.AutowiringSchedulerFactoryBean] - Starting Quartz Scheduler now
2014-11-17 16:54:31,169 INFO [org.jasig.cas.ticket.registry.support.DefaultTicketRegistryCleaner] - Beginning ticket cleanup.
2014-11-17 16:54:31,169 INFO [org.jasig.cas.ticket.registry.support.DefaultTicketRegistryCleaner] - 0 tickets found to be removed.
2014-11-17 16:54:31,169 INFO [org.jasig.cas.ticket.registry.support.DefaultTicketRegistryCleaner] - Finished ticket cleanup.
2014-11-17 16:56:11,481 INFO [org.jasig.cas.services.DefaultServicesManagerImpl] - Reloading registered services.
2014-11-17 16:56:11,481 INFO [org.jasig.cas.services.DefaultServicesManagerImpl] - Loaded 1 services.
2014-11-17 16:56:14,751 INFO [org.jasig.cas.util.AutowiringSchedulerFactoryBean] - Shutting down Quartz Scheduler
2014-11-18 06:59:38,473 INFO [org.jasig.cas.services.DefaultServicesManagerImpl] - Loaded 1 services.
2014-11-18 06:59:39,612 INFO [org.jasig.cas.util.AutowiringSchedulerFactoryBean] - Starting Quartz Scheduler now
2014-11-18 07:04:24,778 INFO [org.jasig.cas.services.DefaultServicesManagerImpl] - Loaded 1 services.
2014-11-18 07:04:25,870 INFO [org.jasig.cas.util.AutowiringSchedulerFactoryBean] - Starting Quartz Scheduler now
2014-11-18 07:04:44,544 INFO [org.jasig.cas.ticket.registry.support.DefaultTicketRegistryCleaner] - Beginning ticket cleanup.
2014-11-18 07:04:44,544 INFO [org.jasig.cas.ticket.registry.support.DefaultTicketRegistryCleaner] - 0 tickets found to be removed.
2014-11-18 07:04:44,544 INFO [org.jasig.cas.ticket.registry.support.DefaultTicketRegistryCleaner] - Finished ticket cleanup.
2014-11-18 07:06:24,867 INFO [org.jasig.cas.services.DefaultServicesManagerImpl] - Reloading registered services.
2014-11-18 07:06:24,867 INFO [org.jasig.cas.services.DefaultServicesManagerImpl] - Loaded 1 services.
2014-11-18 07:07:23,602 INFO [org.jasig.cas.util.AutowiringSchedulerFactoryBean] - Shutting down Quartz Scheduler
